Arguments: 
  C:\Program Files\nodejs\node.exe C:\Program Files (x86)\Yarn\bin\yarn.js init

PATH: 
  C:\Program Files\BellSoft\LibericaJDK-11\bin\;C:\Program Files (x86)\Common Files\Intel\Shared Libraries\redist\intel64\compiler;C:\Program Files (x86)\Common Files\Oracle\Java\javapath;C:\WINDOWS\system32;C:\WINDOWS;C:\WINDOWS\System32\Wbem;C:\WINDOWS\System32\WindowsPowerShell\v1.0\;C:\WINDOWS\System32\OpenSSH\;C:\Program Files\Git\cmd;C:\Program Files\Microsoft VS Code\bin;C:\ProgramData\chocolatey\bin;C:\Program Files\nodejs\;C:\Program Files (x86)\Yarn\bin\;C:\Program Files\MySQL\MySQL Server 8.0\bin;C:\Program Files\MongoDB\Server\4.0\bin;C:\Program Files\Java\jdk-11.0.3\bin;C:\Program Files\dotnet\;C:\Program Files\Microsoft SQL Server\Client SDK\ODBC\130\Tools\Binn\;C:\Program Files (x86)\Microsoft SQL Server\140\Tools\Binn\;C:\Program Files\Microsoft SQL Server\140\Tools\Binn\;C:\Program Files\Microsoft SQL Server\140\DTS\Binn\;C:\Program Files (x86)\Microsoft SQL Server\150\DTS\Binn\;D:\04 - Programas\Microsoft Visual Studio\Shared\Python37_64\Scripts;C:\Program Files\Microsoft Office\root\Office16;C:\Ruby26-x64\bin;C:\Program Files\Adobe\Adobe Photoshop CC 2019;C:\Program Files\Adobe\Adobe Media Encoder CC 2019;C:\Program Files\Adobe\Adobe Illustrator CC 2019;C:\Program Files\Adobe\Adobe Audition CC 2019;C:\Program Files\Adobe\Adobe Animate CC 2019;C:\Program Files\Adobe\Adobe After Effects CC 2019;C:\Program Files\Adobe\Adobe Premiere Pro CC 2019;C:\Program Files\Tablet\Wacom\32;C:\Program Files (x86)\Google\Chrome\Application;C:\Program Files\Unity\Hub\Editor\2018.4.6f1\Editor;D:\04 - Programas\CELSYS\RETAS STUDIO\CoreRETAS;D:\04 - Programas\CELSYS\RETAS STUDIO\PaintMan;D:\04 - Programas\CELSYS\RETAS STUDIO\Stylos;D:\04 - Programas\CELSYS\RETAS STUDIO\TraceMan;D:\04 - Programas\EasyPHP-Devserver-17;D:\99 - desorganizados\partição d\Adobe\krita-3.3.3-x64;D:\99 - desorganizados\partição d\Adobe\Sublime Text 3;D:\99 - desorganizados\partição d\Adobe\krita-3.3.3-x64\bin;D:\04 - Programas\Final Fantasy XIII;D:\04 - Programas\blender-2.80.0-git.700346d377dd-windows64;C:\Program Files (x86)\Adobe\Acrobat DC\Acrobat;C:\KMPlayer;C:\Program Files\MySQL\MySQL Shell 8.0\bin\;C:\Users\thiago\AppData\Local\Programs\Microsoft VS Code\bin;D:\04 - Programas\EasyPHP-Devserver-17;C:\Program Files (x86)\4KDownload\4kvideodownloader;D:\04 - Programas\zsnesw151;C:\Users\thiago\AppData\Roaming\npm;C:\Users\thiago\Desktop\Nova pasta;

Yarn version: 
  1.16.0

Node version: 
  12.4.0

Platform: 
  win32 x64

Trace: 
  Error: canceled
      at Interface.<anonymous> (C:\Program Files (x86)\Yarn\lib\cli.js:125850:13)
      at Interface.emit (events.js:200:13)
      at Interface._ttyWrite (readline.js:877:16)
      at ReadStream.onkeypress (readline.js:189:10)
      at ReadStream.emit (events.js:200:13)
      at emitKeys (internal/readline.js:424:14)
      at emitKeys.next (<anonymous>)
      at ReadStream.onData (readline.js:1145:36)
      at ReadStream.emit (events.js:200:13)
      at addChunk (_stream_readable.js:294:12)

npm manifest: 
  No manifest

yarn manifest: 
  No manifest

Lockfile: 
  No lockfile
